[0.010s] Invoking command in '/home/kivaan123/Turtlebot3-Wall-Follower/build/turtlebot3_gazebo': CMAKE_PREFIX_PATH=${CMAKE_PREFIX_PATH}:/opt/ros/humble /usr/bin/cmake --build /home/kivaan123/Turtlebot3-Wall-Follower/build/turtlebot3_gazebo -- -j16 -l16
[0.072s] [35m[1mConsolidate compiler generated dependencies of target turtlebot3_drive[0m
[0.100s] [ 22%] Built target obstacle2
[0.100s] [ 44%] Built target obstacles
[0.100s] [ 55%] [32mBuilding CXX object CMakeFiles/turtlebot3_drive.dir/src/turtlebot3_drive.cpp.o[0m
[0.101s] [ 77%] Built target obstacle1
[0.103s] [ 88%] [32mBuilding CXX object CMakeFiles/turtlebot3_drive.dir/src/LidarSensor.cpp.o[0m
[1.493s] [01m[K/home/kivaan123/Turtlebot3-Wall-Follower/turtlebot3_gazebo/src/LidarSensor.cpp:[m[K In constructor â€˜[01m[KLidarSensor::LidarSensor(rclcpp::Node::SharedPtr*)[m[Kâ€™:
[1.493s] [01m[K/home/kivaan123/Turtlebot3-Wall-Follower/turtlebot3_gazebo/src/LidarSensor.cpp:9:24:[m[K [01;31m[Kerror: [m[Kâ€˜[01m[Kusing SharedPtr = class std::shared_ptr<rclcpp::Node>[m[Kâ€™ {aka â€˜[01m[Kclass std::shared_ptr<rclcpp::Node>[m[Kâ€™} has no member named â€˜[01m[Kcreate_subscription[m[Kâ€™
[1.494s]     9 |     scan_sub_ = node_->[01;31m[Kcreate_subscription[m[K<sensor_msgs::msg::LaserScan>(
[1.494s]       |                        [01;31m[K^~~~~~~~~~~~~~~~~~~[m[K
[1.494s] [01m[K/home/kivaan123/Turtlebot3-Wall-Follower/turtlebot3_gazebo/src/LidarSensor.cpp:9:71:[m[K [01;31m[Kerror: [m[Kexpected primary-expression before â€˜[01m[K>[m[Kâ€™ token
[1.494s]     9 |     scan_sub_ = node_->create_subscription<sensor_msgs::msg::LaserScan[01;31m[K>[m[K(
[1.494s]       |                                                                       [01;31m[K^[m[K
[1.494s] [01m[K/home/kivaan123/Turtlebot3-Wall-Follower/turtlebot3_gazebo/src/LidarSensor.cpp:10:9:[m[K [01;35m[Kwarning: [m[Kleft operand of comma operator has no effect [[01;35m[K]8;;https://gcc.gnu.org/onlinedocs/gcc/Warning-Options.html#index-Wunused-value-Wunused-value]8;;[m[K]
[1.494s]    10 |         [01;35m[K"scan"[m[K,
[1.494s]       |         [01;35m[K^~~~~~[m[K
[1.760s] gmake[2]: *** [CMakeFiles/turtlebot3_drive.dir/build.make:90: CMakeFiles/turtlebot3_drive.dir/src/LidarSensor.cpp.o] Error 1
[1.760s] gmake[2]: *** Waiting for unfinished jobs....
[1.772s] [01m[K/home/kivaan123/Turtlebot3-Wall-Follower/turtlebot3_gazebo/src/turtlebot3_drive.cpp:[m[K In constructor â€˜[01m[KTurtlebot3Drive::Turtlebot3Drive()[m[Kâ€™:
[1.772s] [01m[K/home/kivaan123/Turtlebot3-Wall-Follower/turtlebot3_gazebo/src/turtlebot3_drive.cpp:21:41:[m[K [01;31m[Kerror: [m[Kno matching function for call to â€˜[01m[KLidarSensor::LidarSensor(Turtlebot3Drive*)[m[Kâ€™
[1.772s]    21 |     lidar_sensor_ = new LidarSensor(this[01;31m[K)[m[K;
[1.772s]       |                                         [01;31m[K^[m[K
[1.772s] In file included from [01m[K/home/kivaan123/Turtlebot3-Wall-Follower/turtlebot3_gazebo/include/turtlebot3_gazebo/turtlebot3_drive.hpp:17[m[K,
[1.772s]                  from [01m[K/home/kivaan123/Turtlebot3-Wall-Follower/turtlebot3_gazebo/src/turtlebot3_drive.cpp:1[m[K:
[1.772s] [01m[K/home/kivaan123/Turtlebot3-Wall-Follower/turtlebot3_gazebo/include/turtlebot3_gazebo/LidarSensor.hpp:21:9:[m[K [01;36m[Knote: [m[Kcandidate: â€˜[01m[KLidarSensor::LidarSensor(rclcpp::Node::SharedPtr*)[m[Kâ€™
[1.772s]    21 |         [01;36m[KLidarSensor[m[K(rclcpp::Node::SharedPtr* node);
[1.772s]       |         [01;36m[K^~~~~~~~~~~[m[K
[1.772s] [01m[K/home/kivaan123/Turtlebot3-Wall-Follower/turtlebot3_gazebo/include/turtlebot3_gazebo/LidarSensor.hpp:21:46:[m[K [01;36m[Knote: [m[K  no known conversion for argument 1 from â€˜[01m[KTurtlebot3Drive*[m[Kâ€™ to â€˜[01m[Krclcpp::Node::SharedPtr*[m[Kâ€™ {aka â€˜[01m[Kstd::shared_ptr<rclcpp::Node>*[m[Kâ€™}
[1.772s]    21 |         LidarSensor([01;36m[Krclcpp::Node::SharedPtr* node[m[K);
[1.772s]       |                     [01;36m[K~~~~~~~~~~~~~~~~~~~~~~~~~^~~~[m[K
[1.772s] [01m[K/home/kivaan123/Turtlebot3-Wall-Follower/turtlebot3_gazebo/include/turtlebot3_gazebo/LidarSensor.hpp:18:7:[m[K [01;36m[Knote: [m[Kcandidate: â€˜[01m[KLidarSensor::LidarSensor(const LidarSensor&)[m[Kâ€™
[1.772s]    18 | class [01;36m[KLidarSensor[m[K
[1.772s]       |       [01;36m[K^~~~~~~~~~~[m[K
[1.773s] [01m[K/home/kivaan123/Turtlebot3-Wall-Follower/turtlebot3_gazebo/include/turtlebot3_gazebo/LidarSensor.hpp:18:7:[m[K [01;36m[Knote: [m[K  no known conversion for argument 1 from â€˜[01m[KTurtlebot3Drive*[m[Kâ€™ to â€˜[01m[Kconst LidarSensor&[m[Kâ€™
[1.788s] [01m[K/home/kivaan123/Turtlebot3-Wall-Follower/turtlebot3_gazebo/src/turtlebot3_drive.cpp:[m[K In member function â€˜[01m[Kvoid Turtlebot3Drive::update_callback()[m[Kâ€™:
[1.789s] [01m[K/home/kivaan123/Turtlebot3-Wall-Follower/turtlebot3_gazebo/src/turtlebot3_drive.cpp:148:10:[m[K [01;35m[Kwarning: [m[Kunused variable â€˜[01m[Kmin_turn_distance[m[Kâ€™ [[01;35m[K]8;;https://gcc.gnu.org/onlinedocs/gcc/Warning-Options.html#index-Wunused-variable-Wunused-variable]8;;[m[K]
[1.789s]   148 |   double [01;35m[Kmin_turn_distance[m[K = 0.1;         // Minimum distance before making a turn
[1.789s]       |          [01;35m[K^~~~~~~~~~~~~~~~~[m[K
[3.854s] gmake[2]: *** [CMakeFiles/turtlebot3_drive.dir/build.make:76: CMakeFiles/turtlebot3_drive.dir/src/turtlebot3_drive.cpp.o] Error 1
[3.854s] gmake[1]: *** [CMakeFiles/Makefile2:143: CMakeFiles/turtlebot3_drive.dir/all] Error 2
[3.855s] gmake: *** [Makefile:146: all] Error 2
[3.857s] Invoked command in '/home/kivaan123/Turtlebot3-Wall-Follower/build/turtlebot3_gazebo' returned '2': CMAKE_PREFIX_PATH=${CMAKE_PREFIX_PATH}:/opt/ros/humble /usr/bin/cmake --build /home/kivaan123/Turtlebot3-Wall-Follower/build/turtlebot3_gazebo -- -j16 -l16
