[0.008s] Invoking command in '/home/kivaan123/Turtlebot3-Wall-Follower/build/turtlebot3_gazebo': CMAKE_PREFIX_PATH=${CMAKE_PREFIX_PATH}:/opt/ros/humble /usr/bin/cmake --build /home/kivaan123/Turtlebot3-Wall-Follower/build/turtlebot3_gazebo -- -j16 -l16
[0.027s] -- Found ament_cmake: 1.3.10 (/opt/ros/humble/share/ament_cmake/cmake)
[0.108s] -- Override CMake install command with custom implementation using symlinks instead of copying resources
[0.116s] [33mCMake Warning (dev) at /usr/share/cmake-3.22/Modules/FindPackageHandleStandardArgs.cmake:438 (message):
[0.116s]   The package name passed to `find_package_handle_standard_args` (PkgConfig)
[0.117s]   does not match the name of the calling package (gazebo).  This can lead to
[0.117s]   problems in calling code that expects `find_package` result variables
[0.117s]   (e.g., `_FOUND`) to follow a certain pattern.
[0.117s] Call Stack (most recent call first):
[0.117s]   /usr/share/cmake-3.22/Modules/FindPkgConfig.cmake:99 (find_package_handle_standard_args)
[0.117s]   /usr/lib/x86_64-linux-gnu/cmake/gazebo/gazebo-config.cmake:72 (include)
[0.117s]   CMakeLists.txt:23 (find_package)
[0.117s] This warning is for project developers.  Use -Wno-dev to suppress it.
[0.117s] [0m
[0.133s] -- Found DART: /usr/include (Required is at least version "6.6") found components: dart 
[0.153s] -- Found Protobuf: /usr/lib/x86_64-linux-gnu/libprotobuf.so (found version "3.12.4") 
[0.154s] -- Looking for ignition-math6 -- found version 6.15.1
[0.157s] -- Searching for dependencies of ignition-math6
[0.158s] -- Looking for OGRE...
[0.162s] -- Found Ogre Ghadamon (1.9.0)
[0.162s] -- Found OGRE: optimized;/usr/lib/x86_64-linux-gnu/libOgreMain.so;debug;/usr/lib/x86_64-linux-gnu/libOgreMain.so
[0.169s] -- Looking for OGRE_Paging...
[0.169s] -- Found OGRE_Paging: optimized;/usr/lib/x86_64-linux-gnu/libOgrePaging.so;debug;/usr/lib/x86_64-linux-gnu/libOgrePaging.so
[0.169s] -- Looking for OGRE_Terrain...
[0.169s] -- Found OGRE_Terrain: optimized;/usr/lib/x86_64-linux-gnu/libOgreTerrain.so;debug;/usr/lib/x86_64-linux-gnu/libOgreTerrain.so
[0.169s] -- Looking for OGRE_Property...
[0.169s] -- Found OGRE_Property: optimized;/usr/lib/x86_64-linux-gnu/libOgreProperty.so;debug;/usr/lib/x86_64-linux-gnu/libOgreProperty.so
[0.169s] -- Looking for OGRE_RTShaderSystem...
[0.170s] -- Found OGRE_RTShaderSystem: optimized;/usr/lib/x86_64-linux-gnu/libOgreRTShaderSystem.so;debug;/usr/lib/x86_64-linux-gnu/libOgreRTShaderSystem.so
[0.170s] -- Looking for OGRE_Volume...
[0.170s] -- Found OGRE_Volume: optimized;/usr/lib/x86_64-linux-gnu/libOgreVolume.so;debug;/usr/lib/x86_64-linux-gnu/libOgreVolume.so
[0.170s] -- Looking for OGRE_Overlay...
[0.170s] -- Found OGRE_Overlay: optimized;/usr/lib/x86_64-linux-gnu/libOgreOverlay.so;debug;/usr/lib/x86_64-linux-gnu/libOgreOverlay.so
[0.242s] -- Looking for ignition-math6 -- found version 6.15.1
[0.242s] -- Looking for ignition-transport8 -- found version 8.2.1
[0.243s] -- Searching for dependencies of ignition-transport8
[0.254s] -- Found Protobuf: /usr/lib/x86_64-linux-gnu/libprotobuf.so (found suitable version "3.12.4", minimum required is "3") 
[0.261s] -- Config-file not installed for ZeroMQ -- checking for pkg-config
[0.265s] -- Checking for module 'libzmq >= 4'
[0.276s] --   Found libzmq , version 4.3.4
[0.308s] -- Checking for module 'uuid'
[0.317s] --   Found uuid, version 2.37.2
[0.341s] -- Looking for ignition-msgs5 -- found version 5.8.1
[0.341s] -- Searching for dependencies of ignition-msgs5
[0.354s] -- Looking for ignition-math6 -- found version 6.15.1
[0.358s] -- Checking for module 'tinyxml2'
[0.369s] --   Found tinyxml2, version 9.0.0
[0.394s] -- Looking for ignition-msgs5 -- found version 5.8.1
[0.395s] -- Looking for ignition-common3 -- found version 3.14.0
[0.395s] -- Searching for dependencies of ignition-common3
[0.395s] -- Looking for dlfcn.h - found
[0.395s] -- Looking for libdl - found
[0.404s] -- Searching for <ignition-common3> component [graphics]
[0.404s] -- Looking for ignition-common3-graphics -- found version 3.14.0
[0.405s] -- Searching for dependencies of ignition-common3-graphics
[0.405s] -- Looking for ignition-math6 -- found version 6.15.1
[0.406s] -- Looking for ignition-fuel_tools4 -- found version 4.4.0
[0.406s] -- Searching for dependencies of ignition-fuel_tools4
[0.438s] -- Checking for module 'jsoncpp'
[0.449s] --   Found jsoncpp, version 1.9.5
[0.483s] -- Checking for module 'libzip'
[0.492s] --   Found libzip, version 1.7.3
[0.517s] -- Looking for ignition-common3 -- found version 3.14.0
[0.518s] -- Looking for ignition-math6 -- found version 6.15.1
[0.518s] -- Looking for ignition-msgs5 -- found version 5.8.1
[0.519s] -- Found gazebo_ros_pkgs: 3.7.0 (/opt/ros/humble/share/gazebo_ros_pkgs/cmake)
[0.520s] -- Found geometry_msgs: 4.2.4 (/opt/ros/humble/share/geometry_msgs/cmake)
[0.532s] -- Found rosidl_generator_c: 3.1.5 (/opt/ros/humble/share/rosidl_generator_c/cmake)
[0.534s] -- Found rosidl_adapter: 3.1.5 (/opt/ros/humble/share/rosidl_adapter/cmake)
[0.537s] -- Found rosidl_generator_cpp: 3.1.5 (/opt/ros/humble/share/rosidl_generator_cpp/cmake)
[0.543s] -- Using all available rosidl_typesupport_c: rosidl_typesupport_fastrtps_c;rosidl_typesupport_introspection_c
[0.551s] -- Using all available rosidl_typesupport_cpp: rosidl_typesupport_fastrtps_cpp;rosidl_typesupport_introspection_cpp
[0.574s] -- Found nav_msgs: 4.2.4 (/opt/ros/humble/share/nav_msgs/cmake)
[0.584s] -- Found rclcpp: 16.0.10 (/opt/ros/humble/share/rclcpp/cmake)
[0.600s] -- Found rmw_implementation_cmake: 6.1.2 (/opt/ros/humble/share/rmw_implementation_cmake/cmake)
[0.601s] -- Found rmw_fastrtps_cpp: 6.2.7 (/opt/ros/humble/share/rmw_fastrtps_cpp/cmake)
[0.676s] -- Using RMW implementation 'rmw_fastrtps_cpp' as default
[0.700s] -- Found sensor_msgs: 4.2.4 (/opt/ros/humble/share/sensor_msgs/cmake)
[0.711s] -- Found tf2: 0.25.7 (/opt/ros/humble/share/tf2/cmake)
[0.763s] -- Configuring done
[0.781s] -- Generating done
[0.782s] -- Build files have been written to: /home/kivaan123/Turtlebot3-Wall-Follower/build/turtlebot3_gazebo
[0.802s] [35m[1mConsolidate compiler generated dependencies of target turtlebot3_drive[0m
[0.804s] [35m[1mConsolidate compiler generated dependencies of target obstacles[0m
[0.804s] [35m[1mConsolidate compiler generated dependencies of target obstacle2[0m
[0.804s] [35m[1mConsolidate compiler generated dependencies of target obstacle1[0m
[0.814s] [ 12%] [32mBuilding CXX object CMakeFiles/turtlebot3_drive.dir/src/turtlebot3_drive.cpp.o[0m
[0.824s] [ 25%] [32mBuilding CXX object CMakeFiles/obstacles.dir/models/turtlebot3_dqn_world/obstacle_plugin/obstacles.cc.o[0m
[0.825s] [ 37%] [32mBuilding CXX object CMakeFiles/obstacle2.dir/models/turtlebot3_dqn_world/obstacle_plugin/obstacle2.cc.o[0m
[0.827s] [ 50%] [32mBuilding CXX object CMakeFiles/obstacle1.dir/models/turtlebot3_dqn_world/obstacle_plugin/obstacle1.cc.o[0m
[7.595s] [ 62%] [32m[1mLinking CXX executable turtlebot3_drive[0m
[7.903s] /usr/bin/ld: CMakeFiles/turtlebot3_drive.dir/src/turtlebot3_drive.cpp.o: in function `Turtlebot3Drive::Turtlebot3Drive()':
[7.903s] turtlebot3_drive.cpp:(.text._ZN15Turtlebot3DriveC2Ev[_ZN15Turtlebot3DriveC5Ev]+0x10a): undefined reference to `LidarSensor::LidarSensor()'
[7.903s] /usr/bin/ld: turtlebot3_drive.cpp:(.text._ZN15Turtlebot3DriveC2Ev[_ZN15Turtlebot3DriveC5Ev]+0x147): undefined reference to `MovementController::MovementController(std::shared_ptr<rclcpp::Node>)'
[7.903s] /usr/bin/ld: turtlebot3_drive.cpp:(.text._ZN15Turtlebot3DriveC2Ev[_ZN15Turtlebot3DriveC5Ev]+0x193): undefined reference to `PathViz::PathViz(std::shared_ptr<rclcpp::Node>)'
[7.903s] /usr/bin/ld: turtlebot3_drive.cpp:(.text._ZN15Turtlebot3DriveC2Ev[_ZN15Turtlebot3DriveC5Ev]+0x1d6): undefined reference to `WallFollower::WallFollower(LidarSensor&, MovementController&)'
[7.904s] /usr/bin/ld: CMakeFiles/turtlebot3_drive.dir/src/turtlebot3_drive.cpp.o: in function `Turtlebot3Drive::scan_callback(std::shared_ptr<sensor_msgs::msg::LaserScan_<std::allocator<void> > >)':
[7.904s] turtlebot3_drive.cpp:(.text._ZN15Turtlebot3Drive13scan_callbackESt10shared_ptrIN11sensor_msgs3msg10LaserScan_ISaIvEEEE[_ZN15Turtlebot3Drive13scan_callbackESt10shared_ptrIN11sensor_msgs3msg10LaserScan_ISaIvEEEE]+0x2a): undefined reference to `LidarSensor::processScan(std::shared_ptr<sensor_msgs::msg::LaserScan_<std::allocator<void> > > const&)'
[7.904s] /usr/bin/ld: CMakeFiles/turtlebot3_drive.dir/src/turtlebot3_drive.cpp.o: in function `Turtlebot3Drive::odom_callback(std::shared_ptr<nav_msgs::msg::Odometry_<std::allocator<void> > >)':
[7.904s] turtlebot3_drive.cpp:(.text._ZN15Turtlebot3Drive13odom_callbackESt10shared_ptrIN8nav_msgs3msg9Odometry_ISaIvEEEE[_ZN15Turtlebot3Drive13odom_callbackESt10shared_ptrIN8nav_msgs3msg9Odometry_ISaIvEEEE]+0xe3): undefined reference to `PathViz::updatePath(geometry_msgs::msg::PoseStamped_<std::allocator<void> > const&)'
[7.904s] /usr/bin/ld: CMakeFiles/turtlebot3_drive.dir/src/turtlebot3_drive.cpp.o: in function `Turtlebot3Drive::update_callback()':
[7.904s] turtlebot3_drive.cpp:(.text._ZN15Turtlebot3Drive15update_callbackEv[_ZN15Turtlebot3Drive15update_callbackEv]+0x1e): undefined reference to `WallFollower::update()'
[7.935s] collect2: error: ld returned 1 exit status
[7.937s] gmake[2]: *** [CMakeFiles/turtlebot3_drive.dir/build.make:184: turtlebot3_drive] Error 1
[7.937s] gmake[1]: *** [CMakeFiles/Makefile2:143: CMakeFiles/turtlebot3_drive.dir/all] Error 2
[7.937s] gmake[1]: *** Waiting for unfinished jobs....
[7.955s] [ 87%] [32m[1mLinking CXX shared library libobstacle1.so[0m
[7.955s] [ 87%] [32m[1mLinking CXX shared library libobstacles.so[0m
[7.957s] [100%] [32m[1mLinking CXX shared library libobstacle2.so[0m
[8.106s] [100%] Built target obstacles
[8.107s] [100%] Built target obstacle2
[8.116s] [100%] Built target obstacle1
[8.116s] gmake: *** [Makefile:146: all] Error 2
[8.119s] Invoked command in '/home/kivaan123/Turtlebot3-Wall-Follower/build/turtlebot3_gazebo' returned '2': CMAKE_PREFIX_PATH=${CMAKE_PREFIX_PATH}:/opt/ros/humble /usr/bin/cmake --build /home/kivaan123/Turtlebot3-Wall-Follower/build/turtlebot3_gazebo -- -j16 -l16
