[0.008s] Invoking command in '/home/kivaan123/Turtlebot3-Wall-Follower/build/turtlebot3_gazebo': CMAKE_PREFIX_PATH=${CMAKE_PREFIX_PATH}:/opt/ros/humble /usr/bin/cmake --build /home/kivaan123/Turtlebot3-Wall-Follower/build/turtlebot3_gazebo -- -j16 -l16
[0.039s] [35m[1mConsolidate compiler generated dependencies of target turtlebot3_drive[0m
[0.056s] [ 11%] [32mBuilding CXX object CMakeFiles/turtlebot3_drive.dir/src/turtlebot3_drive.cpp.o[0m
[0.060s] [ 22%] [32mBuilding CXX object CMakeFiles/turtlebot3_drive.dir/src/LidarSensor.cpp.o[0m
[0.065s] [ 44%] Built target obstacle1
[0.065s] [ 66%] Built target obstacles
[0.072s] [ 88%] Built target obstacle2
[1.453s] [01m[K/home/kivaan123/Turtlebot3-Wall-Follower/turtlebot3_gazebo/src/LidarSensor.cpp:[m[K In constructor â€˜[01m[KLidarSensor::LidarSensor(rclcpp::Node::SharedPtr*)[m[Kâ€™:
[1.453s] [01m[K/home/kivaan123/Turtlebot3-Wall-Follower/turtlebot3_gazebo/src/LidarSensor.cpp:9:24:[m[K [01;31m[Kerror: [m[Kâ€˜[01m[Kusing SharedPtr = class std::shared_ptr<rclcpp::Node>[m[Kâ€™ {aka â€˜[01m[Kclass std::shared_ptr<rclcpp::Node>[m[Kâ€™} has no member named â€˜[01m[Kcreate_subscription[m[Kâ€™
[1.454s]     9 |     scan_sub_ = node_->[01;31m[Kcreate_subscription[m[K<sensor_msgs::msg::LaserScan>(
[1.454s]       |                        [01;31m[K^~~~~~~~~~~~~~~~~~~[m[K
[1.454s] [01m[K/home/kivaan123/Turtlebot3-Wall-Follower/turtlebot3_gazebo/src/LidarSensor.cpp:9:71:[m[K [01;31m[Kerror: [m[Kexpected primary-expression before â€˜[01m[K>[m[Kâ€™ token
[1.454s]     9 |     scan_sub_ = node_->create_subscription<sensor_msgs::msg::LaserScan[01;31m[K>[m[K(
[1.454s]       |                                                                       [01;31m[K^[m[K
[1.454s] [01m[K/home/kivaan123/Turtlebot3-Wall-Follower/turtlebot3_gazebo/src/LidarSensor.cpp:10:9:[m[K [01;35m[Kwarning: [m[Kleft operand of comma operator has no effect [[01;35m[K]8;;https://gcc.gnu.org/onlinedocs/gcc/Warning-Options.html#index-Wunused-value-Wunused-value]8;;[m[K]
[1.454s]    10 |         [01;35m[K"scan"[m[K,
[1.454s]       |         [01;35m[K^~~~~~[m[K
[1.719s] gmake[2]: *** [CMakeFiles/turtlebot3_drive.dir/build.make:90: CMakeFiles/turtlebot3_drive.dir/src/LidarSensor.cpp.o] Error 1
[1.719s] gmake[2]: *** Waiting for unfinished jobs....
[1.729s] [01m[K/home/kivaan123/Turtlebot3-Wall-Follower/turtlebot3_gazebo/src/turtlebot3_drive.cpp:[m[K In destructor â€˜[01m[Kvirtual Turtlebot3Drive::~Turtlebot3Drive()[m[Kâ€™:
[1.729s] [01m[K/home/kivaan123/Turtlebot3-Wall-Follower/turtlebot3_gazebo/src/turtlebot3_drive.cpp:70:12:[m[K [01;31m[Kerror: [m[Ktype â€˜[01m[Kclass std::unique_ptr<LidarSensor>[m[Kâ€™ argument given to â€˜[01m[Kdelete[m[Kâ€™, expected pointer
[1.729s]    70 |     delete [01;31m[Klidar_sensor_[m[K;
[1.729s]       |            [01;31m[K^~~~~~~~~~~~~[m[K
[1.733s] [01m[K/home/kivaan123/Turtlebot3-Wall-Follower/turtlebot3_gazebo/src/turtlebot3_drive.cpp:[m[K In member function â€˜[01m[Kvoid Turtlebot3Drive::update_callback()[m[Kâ€™:
[1.733s] [01m[K/home/kivaan123/Turtlebot3-Wall-Follower/turtlebot3_gazebo/src/turtlebot3_drive.cpp:149:10:[m[K [01;35m[Kwarning: [m[Kunused variable â€˜[01m[Kmin_turn_distance[m[Kâ€™ [[01;35m[K]8;;https://gcc.gnu.org/onlinedocs/gcc/Warning-Options.html#index-Wunused-variable-Wunused-variable]8;;[m[K]
[1.733s]   149 |   double [01;35m[Kmin_turn_distance[m[K = 0.1;         // Minimum distance before making a turn
[1.733s]       |          [01;35m[K^~~~~~~~~~~~~~~~~[m[K
[1.801s] In file included from [01m[K/usr/include/c++/11/memory:76[m[K,
[1.801s]                  from [01m[K/opt/ros/humble/include/geometry_msgs/geometry_msgs/msg/detail/twist__struct.hpp:10[m[K,
[1.801s]                  from [01m[K/opt/ros/humble/include/geometry_msgs/geometry_msgs/msg/twist.hpp:7[m[K,
[1.801s]                  from [01m[K/home/kivaan123/Turtlebot3-Wall-Follower/turtlebot3_gazebo/include/turtlebot3_gazebo/turtlebot3_drive.hpp:4[m[K,
[1.801s]                  from [01m[K/home/kivaan123/Turtlebot3-Wall-Follower/turtlebot3_gazebo/src/turtlebot3_drive.cpp:1[m[K:
[1.801s] /usr/include/c++/11/bits/unique_ptr.h: In instantiation of â€˜[01m[Ktypename std::_MakeUniq<_Tp>::__single_object std::make_unique(_Args&& ...) [with _Tp = LidarSensor; _Args = {Turtlebot3Drive*}; typename std::_MakeUniq<_Tp>::__single_object = std::unique_ptr<LidarSensor>][m[Kâ€™:
[1.801s] [01m[K/home/kivaan123/Turtlebot3-Wall-Follower/turtlebot3_gazebo/src/turtlebot3_drive.cpp:22:50:[m[K   required from here
[1.801s] [01m[K/usr/include/c++/11/bits/unique_ptr.h:962:30:[m[K [01;31m[Kerror: [m[Kno matching function for call to â€˜[01m[KLidarSensor::LidarSensor(Turtlebot3Drive*)[m[Kâ€™
[1.801s]   962 |     { return unique_ptr<_Tp>([01;31m[Knew _Tp(std::forward<_Args>(__args)...)[m[K); }
[1.801s]       |                              [01;31m[K^~~~~~~~~~~~~~~~~~~~~~~~~~~~~~~~~~~~~~~[m[K
[1.801s] In file included from [01m[K/home/kivaan123/Turtlebot3-Wall-Follower/turtlebot3_gazebo/include/turtlebot3_gazebo/turtlebot3_drive.hpp:17[m[K,
[1.801s]                  from [01m[K/home/kivaan123/Turtlebot3-Wall-Follower/turtlebot3_gazebo/src/turtlebot3_drive.cpp:1[m[K:
[1.801s] [01m[K/home/kivaan123/Turtlebot3-Wall-Follower/turtlebot3_gazebo/include/turtlebot3_gazebo/LidarSensor.hpp:21:9:[m[K [01;36m[Knote: [m[Kcandidate: â€˜[01m[KLidarSensor::LidarSensor(rclcpp::Node::SharedPtr*)[m[Kâ€™
[1.801s]    21 |         [01;36m[KLidarSensor[m[K(rclcpp::Node::SharedPtr* node);
[1.801s]       |         [01;36m[K^~~~~~~~~~~[m[K
[1.801s] [01m[K/home/kivaan123/Turtlebot3-Wall-Follower/turtlebot3_gazebo/include/turtlebot3_gazebo/LidarSensor.hpp:21:46:[m[K [01;36m[Knote: [m[K  no known conversion for argument 1 from â€˜[01m[KTurtlebot3Drive*[m[Kâ€™ to â€˜[01m[Krclcpp::Node::SharedPtr*[m[Kâ€™ {aka â€˜[01m[Kstd::shared_ptr<rclcpp::Node>*[m[Kâ€™}
[1.801s]    21 |         LidarSensor([01;36m[Krclcpp::Node::SharedPtr* node[m[K);
[1.801s]       |                     [01;36m[K~~~~~~~~~~~~~~~~~~~~~~~~~^~~~[m[K
[1.801s] [01m[K/home/kivaan123/Turtlebot3-Wall-Follower/turtlebot3_gazebo/include/turtlebot3_gazebo/LidarSensor.hpp:18:7:[m[K [01;36m[Knote: [m[Kcandidate: â€˜[01m[KLidarSensor::LidarSensor(const LidarSensor&)[m[Kâ€™
[1.801s]    18 | class [01;36m[KLidarSensor[m[K
[1.801s]       |       [01;36m[K^~~~~~~~~~~[m[K
[1.801s] [01m[K/home/kivaan123/Turtlebot3-Wall-Follower/turtlebot3_gazebo/include/turtlebot3_gazebo/LidarSensor.hpp:18:7:[m[K [01;36m[Knote: [m[K  no known conversion for argument 1 from â€˜[01m[KTurtlebot3Drive*[m[Kâ€™ to â€˜[01m[Kconst LidarSensor&[m[Kâ€™
[3.816s] gmake[2]: *** [CMakeFiles/turtlebot3_drive.dir/build.make:76: CMakeFiles/turtlebot3_drive.dir/src/turtlebot3_drive.cpp.o] Error 1
[3.816s] gmake[1]: *** [CMakeFiles/Makefile2:143: CMakeFiles/turtlebot3_drive.dir/all] Error 2
[3.817s] gmake: *** [Makefile:146: all] Error 2
[3.819s] Invoked command in '/home/kivaan123/Turtlebot3-Wall-Follower/build/turtlebot3_gazebo' returned '2': CMAKE_PREFIX_PATH=${CMAKE_PREFIX_PATH}:/opt/ros/humble /usr/bin/cmake --build /home/kivaan123/Turtlebot3-Wall-Follower/build/turtlebot3_gazebo -- -j16 -l16
