[0.008s] Invoking command in '/home/kivaan123/Turtlebot3-Wall-Follower/build/turtlebot3_gazebo': CMAKE_PREFIX_PATH=${CMAKE_PREFIX_PATH}:/opt/ros/humble /usr/bin/cmake --build /home/kivaan123/Turtlebot3-Wall-Follower/build/turtlebot3_gazebo -- -j16 -l16
[0.048s] [35m[1mConsolidate compiler generated dependencies of target turtlebot3_drive[0m
[0.076s] [ 11%] [32mBuilding CXX object CMakeFiles/turtlebot3_drive.dir/src/LidarSensor.cpp.o[0m
[0.079s] [ 22%] [32mBuilding CXX object CMakeFiles/turtlebot3_drive.dir/src/turtlebot3_drive.cpp.o[0m
[0.086s] [ 44%] Built target obstacles
[0.088s] [ 66%] Built target obstacle1
[0.089s] [ 88%] Built target obstacle2
[1.502s] [01m[K/home/kivaan123/Turtlebot3-Wall-Follower/turtlebot3_gazebo/src/LidarSensor.cpp:[m[K In constructor â€˜[01m[KLidarSensor::LidarSensor(rclcpp::Node*)[m[Kâ€™:
[1.502s] [01m[K/home/kivaan123/Turtlebot3-Wall-Follower/turtlebot3_gazebo/src/LidarSensor.cpp:5:13:[m[K [01;31m[Kerror: [m[Kcannot convert â€˜[01m[Krclcpp::Node*[m[Kâ€™ to â€˜[01m[Krclcpp::Node::SharedPtr*[m[Kâ€™ {aka â€˜[01m[Kstd::shared_ptr<rclcpp::Node>*[m[Kâ€™} in assignment
[1.502s]     5 |     node_ = [01;31m[Knode[m[K;
[1.502s]       |             [01;31m[K^~~~[m[K
[1.503s]       |             [01;31m[K|[m[K
[1.503s]       |             [01;31m[Krclcpp::Node*[m[K
[1.503s] [01m[K/home/kivaan123/Turtlebot3-Wall-Follower/turtlebot3_gazebo/src/LidarSensor.cpp:9:24:[m[K [01;31m[Kerror: [m[Kâ€˜[01m[Kusing SharedPtr = class std::shared_ptr<rclcpp::Node>[m[Kâ€™ {aka â€˜[01m[Kclass std::shared_ptr<rclcpp::Node>[m[Kâ€™} has no member named â€˜[01m[Kcreate_subscription[m[Kâ€™
[1.503s]     9 |     scan_sub_ = node_->[01;31m[Kcreate_subscription[m[K<sensor_msgs::msg::LaserScan>(
[1.503s]       |                        [01;31m[K^~~~~~~~~~~~~~~~~~~[m[K
[1.503s] [01m[K/home/kivaan123/Turtlebot3-Wall-Follower/turtlebot3_gazebo/src/LidarSensor.cpp:9:71:[m[K [01;31m[Kerror: [m[Kexpected primary-expression before â€˜[01m[K>[m[Kâ€™ token
[1.503s]     9 |     scan_sub_ = node_->create_subscription<sensor_msgs::msg::LaserScan[01;31m[K>[m[K(
[1.503s]       |                                                                       [01;31m[K^[m[K
[1.503s] [01m[K/home/kivaan123/Turtlebot3-Wall-Follower/turtlebot3_gazebo/src/LidarSensor.cpp:10:9:[m[K [01;35m[Kwarning: [m[Kleft operand of comma operator has no effect [[01;35m[K]8;;https://gcc.gnu.org/onlinedocs/gcc/Warning-Options.html#index-Wunused-value-Wunused-value]8;;[m[K]
[1.503s]    10 |         [01;35m[K"scan"[m[K,
[1.503s]       |         [01;35m[K^~~~~~[m[K
[1.770s] gmake[2]: *** [CMakeFiles/turtlebot3_drive.dir/build.make:90: CMakeFiles/turtlebot3_drive.dir/src/LidarSensor.cpp.o] Error 1
[1.770s] gmake[2]: *** Waiting for unfinished jobs....
[1.770s] [01m[K/home/kivaan123/Turtlebot3-Wall-Follower/turtlebot3_gazebo/src/turtlebot3_drive.cpp:[m[K In member function â€˜[01m[Kvoid Turtlebot3Drive::update_callback()[m[Kâ€™:
[1.770s] [01m[K/home/kivaan123/Turtlebot3-Wall-Follower/turtlebot3_gazebo/src/turtlebot3_drive.cpp:149:10:[m[K [01;35m[Kwarning: [m[Kunused variable â€˜[01m[Kmin_turn_distance[m[Kâ€™ [[01;35m[K]8;;https://gcc.gnu.org/onlinedocs/gcc/Warning-Options.html#index-Wunused-variable-Wunused-variable]8;;[m[K]
[1.770s]   149 |   double [01;35m[Kmin_turn_distance[m[K = 0.1;         // Minimum distance before making a turn
[1.770s]       |          [01;35m[K^~~~~~~~~~~~~~~~~[m[K
[7.556s] gmake[1]: *** [CMakeFiles/Makefile2:143: CMakeFiles/turtlebot3_drive.dir/all] Error 2
[7.556s] gmake: *** [Makefile:146: all] Error 2
[7.559s] Invoked command in '/home/kivaan123/Turtlebot3-Wall-Follower/build/turtlebot3_gazebo' returned '2': CMAKE_PREFIX_PATH=${CMAKE_PREFIX_PATH}:/opt/ros/humble /usr/bin/cmake --build /home/kivaan123/Turtlebot3-Wall-Follower/build/turtlebot3_gazebo -- -j16 -l16
