[01m[K/home/kivaan123/Turtlebot3-Wall-Follower/turtlebot3_gazebo/src/turtlebot3_drive.cpp:[m[K In constructor â€˜[01m[KTurtlebot3Drive::Turtlebot3Drive()[m[Kâ€™:
[01m[K/home/kivaan123/Turtlebot3-Wall-Follower/turtlebot3_gazebo/src/turtlebot3_drive.cpp:27:59:[m[K [01;31m[Kerror: [m[Kno match for call to â€˜[01m[K(std::shared_ptr<MovementController>) (std::shared_ptr<rclcpp::Node>)[m[Kâ€™
   27 |         wall_follower_(lidar_sensor_, [01;31m[Kmovement_controller_(this->shared_from_this())[m[K)
      |                                       [01;31m[K~~~~~~~~~~~~~~~~~~~~^~~~~~~~~~~~~~~~~~~~~~~~~~[m[K
gmake[2]: *** [CMakeFiles/turtlebot3_drive.dir/build.make:76: CMakeFiles/turtlebot3_drive.dir/src/turtlebot3_drive.cpp.o] Error 1
gmake[1]: *** [CMakeFiles/Makefile2:143: CMakeFiles/turtlebot3_drive.dir/all] Error 2
gmake: *** [Makefile:146: all] Error 2
