[0.009s] Invoking command in '/home/kivaan123/Turtlebot3-Wall-Follower/build/turtlebot3_gazebo': CMAKE_PREFIX_PATH=${CMAKE_PREFIX_PATH}:/opt/ros/humble /usr/bin/cmake --build /home/kivaan123/Turtlebot3-Wall-Follower/build/turtlebot3_gazebo -- -j16 -l16
[0.026s] -- Found ament_cmake: 1.3.10 (/opt/ros/humble/share/ament_cmake/cmake)
[0.134s] -- Override CMake install command with custom implementation using symlinks instead of copying resources
[0.142s] [33mCMake Warning (dev) at /usr/share/cmake-3.22/Modules/FindPackageHandleStandardArgs.cmake:438 (message):
[0.142s]   The package name passed to `find_package_handle_standard_args` (PkgConfig)
[0.142s]   does not match the name of the calling package (gazebo).  This can lead to
[0.142s]   problems in calling code that expects `find_package` result variables
[0.142s]   (e.g., `_FOUND`) to follow a certain pattern.
[0.142s] Call Stack (most recent call first):
[0.142s]   /usr/share/cmake-3.22/Modules/FindPkgConfig.cmake:99 (find_package_handle_standard_args)
[0.142s]   /usr/lib/x86_64-linux-gnu/cmake/gazebo/gazebo-config.cmake:72 (include)
[0.142s]   CMakeLists.txt:23 (find_package)
[0.142s] This warning is for project developers.  Use -Wno-dev to suppress it.
[0.142s] [0m
[0.161s] -- Found DART: /usr/include (Required is at least version "6.6") found components: dart 
[0.185s] -- Found Protobuf: /usr/lib/x86_64-linux-gnu/libprotobuf.so (found version "3.12.4") 
[0.186s] -- Looking for ignition-math6 -- found version 6.15.1
[0.189s] -- Searching for dependencies of ignition-math6
[0.190s] -- Looking for OGRE...
[0.194s] -- Found Ogre Ghadamon (1.9.0)
[0.194s] -- Found OGRE: optimized;/usr/lib/x86_64-linux-gnu/libOgreMain.so;debug;/usr/lib/x86_64-linux-gnu/libOgreMain.so
[0.207s] -- Looking for OGRE_Paging...
[0.207s] -- Found OGRE_Paging: optimized;/usr/lib/x86_64-linux-gnu/libOgrePaging.so;debug;/usr/lib/x86_64-linux-gnu/libOgrePaging.so
[0.207s] -- Looking for OGRE_Terrain...
[0.207s] -- Found OGRE_Terrain: optimized;/usr/lib/x86_64-linux-gnu/libOgreTerrain.so;debug;/usr/lib/x86_64-linux-gnu/libOgreTerrain.so
[0.207s] -- Looking for OGRE_Property...
[0.207s] -- Found OGRE_Property: optimized;/usr/lib/x86_64-linux-gnu/libOgreProperty.so;debug;/usr/lib/x86_64-linux-gnu/libOgreProperty.so
[0.207s] -- Looking for OGRE_RTShaderSystem...
[0.207s] -- Found OGRE_RTShaderSystem: optimized;/usr/lib/x86_64-linux-gnu/libOgreRTShaderSystem.so;debug;/usr/lib/x86_64-linux-gnu/libOgreRTShaderSystem.so
[0.207s] -- Looking for OGRE_Volume...
[0.207s] -- Found OGRE_Volume: optimized;/usr/lib/x86_64-linux-gnu/libOgreVolume.so;debug;/usr/lib/x86_64-linux-gnu/libOgreVolume.so
[0.207s] -- Looking for OGRE_Overlay...
[0.207s] -- Found OGRE_Overlay: optimized;/usr/lib/x86_64-linux-gnu/libOgreOverlay.so;debug;/usr/lib/x86_64-linux-gnu/libOgreOverlay.so
[0.280s] -- Looking for ignition-math6 -- found version 6.15.1
[0.280s] -- Looking for ignition-transport8 -- found version 8.2.1
[0.281s] -- Searching for dependencies of ignition-transport8
[0.292s] -- Found Protobuf: /usr/lib/x86_64-linux-gnu/libprotobuf.so (found suitable version "3.12.4", minimum required is "3") 
[0.299s] -- Config-file not installed for ZeroMQ -- checking for pkg-config
[0.303s] -- Checking for module 'libzmq >= 4'
[0.315s] --   Found libzmq , version 4.3.4
[0.448s] -- Checking for module 'uuid'
[0.461s] --   Found uuid, version 2.37.2
[0.524s] -- Looking for ignition-msgs5 -- found version 5.8.1
[0.525s] -- Searching for dependencies of ignition-msgs5
[0.550s] -- Looking for ignition-math6 -- found version 6.15.1
[0.554s] -- Checking for module 'tinyxml2'
[0.575s] --   Found tinyxml2, version 9.0.0
[0.697s] -- Looking for ignition-msgs5 -- found version 5.8.1
[0.697s] -- Looking for ignition-common3 -- found version 3.14.0
[0.698s] -- Searching for dependencies of ignition-common3
[0.699s] -- Looking for dlfcn.h - found
[0.699s] -- Looking for libdl - found
[0.718s] -- Searching for <ignition-common3> component [graphics]
[0.719s] -- Looking for ignition-common3-graphics -- found version 3.14.0
[0.720s] -- Searching for dependencies of ignition-common3-graphics
[0.721s] -- Looking for ignition-math6 -- found version 6.15.1
[0.723s] -- Looking for ignition-fuel_tools4 -- found version 4.4.0
[0.723s] -- Searching for dependencies of ignition-fuel_tools4
[0.770s] -- Checking for module 'jsoncpp'
[0.796s] --   Found jsoncpp, version 1.9.5
[0.956s] -- Checking for module 'libzip'
[1.015s] --   Found libzip, version 1.7.3
[1.158s] -- Looking for ignition-common3 -- found version 3.14.0
[1.159s] -- Looking for ignition-math6 -- found version 6.15.1
[1.160s] -- Looking for ignition-msgs5 -- found version 5.8.1
[1.162s] -- Found gazebo_ros_pkgs: 3.7.0 (/opt/ros/humble/share/gazebo_ros_pkgs/cmake)
[1.162s] -- Found geometry_msgs: 4.2.4 (/opt/ros/humble/share/geometry_msgs/cmake)
[1.175s] -- Found rosidl_generator_c: 3.1.5 (/opt/ros/humble/share/rosidl_generator_c/cmake)
[1.177s] -- Found rosidl_adapter: 3.1.5 (/opt/ros/humble/share/rosidl_adapter/cmake)
[1.181s] -- Found rosidl_generator_cpp: 3.1.5 (/opt/ros/humble/share/rosidl_generator_cpp/cmake)
[1.187s] -- Using all available rosidl_typesupport_c: rosidl_typesupport_fastrtps_c;rosidl_typesupport_introspection_c
[1.195s] -- Using all available rosidl_typesupport_cpp: rosidl_typesupport_fastrtps_cpp;rosidl_typesupport_introspection_cpp
[1.218s] -- Found nav_msgs: 4.2.4 (/opt/ros/humble/share/nav_msgs/cmake)
[1.229s] -- Found rclcpp: 16.0.10 (/opt/ros/humble/share/rclcpp/cmake)
[1.245s] -- Found rmw_implementation_cmake: 6.1.2 (/opt/ros/humble/share/rmw_implementation_cmake/cmake)
[1.246s] -- Found rmw_fastrtps_cpp: 6.2.7 (/opt/ros/humble/share/rmw_fastrtps_cpp/cmake)
[1.321s] -- Using RMW implementation 'rmw_fastrtps_cpp' as default
[1.345s] -- Found sensor_msgs: 4.2.4 (/opt/ros/humble/share/sensor_msgs/cmake)
[1.356s] -- Found tf2: 0.25.7 (/opt/ros/humble/share/tf2/cmake)
[1.358s] -- Found image_transport: 3.1.9 (/opt/ros/humble/share/image_transport/cmake)
[1.371s] -- Found cv_bridge: 3.2.1 (/opt/ros/humble/share/cv_bridge/cmake)
[1.428s] -- Configuring done
[1.446s] -- Generating done
[1.448s] -- Build files have been written to: /home/kivaan123/Turtlebot3-Wall-Follower/build/turtlebot3_gazebo
[1.470s] [35m[1mConsolidate compiler generated dependencies of target obstacles[0m
[1.471s] [35m[1mConsolidate compiler generated dependencies of target turtlebot3_drive[0m
[1.471s] [35m[1mConsolidate compiler generated dependencies of target obstacle2[0m
[1.475s] [35m[1mConsolidate compiler generated dependencies of target obstacle1[0m
[1.490s] [  7%] [32mBuilding CXX object CMakeFiles/turtlebot3_drive.dir/src/MovementController.cpp.o[0m
[1.490s] [ 15%] [32mBuilding CXX object CMakeFiles/turtlebot3_drive.dir/src/WallFollower.cpp.o[0m
[1.491s] [ 23%] [32mBuilding CXX object CMakeFiles/turtlebot3_drive.dir/src/CameraProcessor.cpp.o[0m
[1.493s] [ 30%] [32mBuilding CXX object CMakeFiles/turtlebot3_drive.dir/src/PathViz.cpp.o[0m
[1.494s] [ 46%] Built target obstacles
[1.495s] [01m[K/home/kivaan123/Turtlebot3-Wall-Follower/turtlebot3_gazebo/src/MovementController.cpp:1:10:[m[K [01;31m[Kfatal error: [m[Kturtlebot3_gazebo/movement_controller.hpp: No such file or directory
[1.495s]     1 | #include [01;31m[K"turtlebot3_gazebo/movement_controller.hpp"[m[K
[1.496s]       |          [01;31m[K^~~~~~~~~~~~~~~~~~~~~~~~~~~~~~~~~~~~~~~~~~~[m[K
[1.496s] compilation terminated.
[1.496s] [01m[K/home/kivaan123/Turtlebot3-Wall-Follower/turtlebot3_gazebo/src/WallFollower.cpp:1:10:[m[K [01;31m[Kfatal error: [m[Kturtlebot3_gazebo/wall_follower.hpp: No such file or directory
[1.496s]     1 | #include [01;31m[K"turtlebot3_gazebo/wall_follower.hpp"[m[K
[1.496s]       |          [01;31m[K^~~~~~~~~~~~~~~~~~~~~~~~~~~~~~~~~~~~~[m[K
[1.496s] compilation terminated.
[1.496s] gmake[2]: *** [CMakeFiles/turtlebot3_drive.dir/build.make:104: CMakeFiles/turtlebot3_drive.dir/src/MovementController.cpp.o] Error 1
[1.496s] gmake[2]: *** Waiting for unfinished jobs....
[1.496s] gmake[2]: *** [CMakeFiles/turtlebot3_drive.dir/build.make:132: CMakeFiles/turtlebot3_drive.dir/src/WallFollower.cpp.o] Error 1
[1.496s] [01m[K/home/kivaan123/Turtlebot3-Wall-Follower/turtlebot3_gazebo/src/CameraProcessor.cpp:1:10:[m[K [01;31m[Kfatal error: [m[Kturtlebot3_gazebo/camera_processor.hpp: No such file or directory
[1.496s]     1 | #include [01;31m[K"turtlebot3_gazebo/camera_processor.hpp"[m[K
[1.497s]       |          [01;31m[K^~~~~~~~~~~~~~~~~~~~~~~~~~~~~~~~~~~~~~~~[m[K
[1.497s] compilation terminated.
[1.497s] gmake[2]: *** [CMakeFiles/turtlebot3_drive.dir/build.make:146: CMakeFiles/turtlebot3_drive.dir/src/CameraProcessor.cpp.o] Error 1
[1.498s] [01m[K/home/kivaan123/Turtlebot3-Wall-Follower/turtlebot3_gazebo/src/PathViz.cpp:1:10:[m[K [01;31m[Kfatal error: [m[Kturtlebot3_gazebo/path_viz.hpp: No such file or directory
[1.498s]     1 | #include [01;31m[K"turtlebot3_gazebo/path_viz.hpp"[m[K
[1.498s]       |          [01;31m[K^~~~~~~~~~~~~~~~~~~~~~~~~~~~~~~~[m[K
[1.498s] compilation terminated.
[1.498s] [ 61%] Built target obstacle1
[1.499s] gmake[2]: *** [CMakeFiles/turtlebot3_drive.dir/build.make:118: CMakeFiles/turtlebot3_drive.dir/src/PathViz.cpp.o] Error 1
[1.499s] gmake[1]: *** [CMakeFiles/Makefile2:143: CMakeFiles/turtlebot3_drive.dir/all] Error 2
[1.499s] gmake[1]: *** Waiting for unfinished jobs....
[1.500s] [ 76%] Built target obstacle2
[1.500s] gmake: *** [Makefile:146: all] Error 2
[1.502s] Invoked command in '/home/kivaan123/Turtlebot3-Wall-Follower/build/turtlebot3_gazebo' returned '2': CMAKE_PREFIX_PATH=${CMAKE_PREFIX_PATH}:/opt/ros/humble /usr/bin/cmake --build /home/kivaan123/Turtlebot3-Wall-Follower/build/turtlebot3_gazebo -- -j16 -l16
