[0.007s] Invoking command in '/home/kivaan123/Turtlebot3-Wall-Follower/build/turtlebot3_gazebo': CMAKE_PREFIX_PATH=${CMAKE_PREFIX_PATH}:/opt/ros/humble /usr/bin/cmake --build /home/kivaan123/Turtlebot3-Wall-Follower/build/turtlebot3_gazebo -- -j16 -l16
[0.028s] -- Found ament_cmake: 1.3.10 (/opt/ros/humble/share/ament_cmake/cmake)
[0.114s] -- Override CMake install command with custom implementation using symlinks instead of copying resources
[0.122s] [33mCMake Warning (dev) at /usr/share/cmake-3.22/Modules/FindPackageHandleStandardArgs.cmake:438 (message):
[0.122s]   The package name passed to `find_package_handle_standard_args` (PkgConfig)
[0.122s]   does not match the name of the calling package (gazebo).  This can lead to
[0.122s]   problems in calling code that expects `find_package` result variables
[0.122s]   (e.g., `_FOUND`) to follow a certain pattern.
[0.122s] Call Stack (most recent call first):
[0.122s]   /usr/share/cmake-3.22/Modules/FindPkgConfig.cmake:99 (find_package_handle_standard_args)
[0.122s]   /usr/lib/x86_64-linux-gnu/cmake/gazebo/gazebo-config.cmake:72 (include)
[0.122s]   CMakeLists.txt:23 (find_package)
[0.122s] This warning is for project developers.  Use -Wno-dev to suppress it.
[0.122s] [0m
[0.140s] -- Found DART: /usr/include (Required is at least version "6.6") found components: dart 
[0.161s] -- Found Protobuf: /usr/lib/x86_64-linux-gnu/libprotobuf.so (found version "3.12.4") 
[0.162s] -- Looking for ignition-math6 -- found version 6.15.1
[0.165s] -- Searching for dependencies of ignition-math6
[0.166s] -- Looking for OGRE...
[0.171s] -- Found Ogre Ghadamon (1.9.0)
[0.172s] -- Found OGRE: optimized;/usr/lib/x86_64-linux-gnu/libOgreMain.so;debug;/usr/lib/x86_64-linux-gnu/libOgreMain.so
[0.184s] -- Looking for OGRE_Paging...
[0.184s] -- Found OGRE_Paging: optimized;/usr/lib/x86_64-linux-gnu/libOgrePaging.so;debug;/usr/lib/x86_64-linux-gnu/libOgrePaging.so
[0.185s] -- Looking for OGRE_Terrain...
[0.185s] -- Found OGRE_Terrain: optimized;/usr/lib/x86_64-linux-gnu/libOgreTerrain.so;debug;/usr/lib/x86_64-linux-gnu/libOgreTerrain.so
[0.185s] -- Looking for OGRE_Property...
[0.185s] -- Found OGRE_Property: optimized;/usr/lib/x86_64-linux-gnu/libOgreProperty.so;debug;/usr/lib/x86_64-linux-gnu/libOgreProperty.so
[0.185s] -- Looking for OGRE_RTShaderSystem...
[0.185s] -- Found OGRE_RTShaderSystem: optimized;/usr/lib/x86_64-linux-gnu/libOgreRTShaderSystem.so;debug;/usr/lib/x86_64-linux-gnu/libOgreRTShaderSystem.so
[0.185s] -- Looking for OGRE_Volume...
[0.185s] -- Found OGRE_Volume: optimized;/usr/lib/x86_64-linux-gnu/libOgreVolume.so;debug;/usr/lib/x86_64-linux-gnu/libOgreVolume.so
[0.185s] -- Looking for OGRE_Overlay...
[0.186s] -- Found OGRE_Overlay: optimized;/usr/lib/x86_64-linux-gnu/libOgreOverlay.so;debug;/usr/lib/x86_64-linux-gnu/libOgreOverlay.so
[0.267s] -- Looking for ignition-math6 -- found version 6.15.1
[0.267s] -- Looking for ignition-transport8 -- found version 8.2.1
[0.267s] -- Searching for dependencies of ignition-transport8
[0.279s] -- Found Protobuf: /usr/lib/x86_64-linux-gnu/libprotobuf.so (found suitable version "3.12.4", minimum required is "3") 
[0.287s] -- Config-file not installed for ZeroMQ -- checking for pkg-config
[0.290s] -- Checking for module 'libzmq >= 4'
[0.302s] --   Found libzmq , version 4.3.4
[0.357s] -- Checking for module 'uuid'
[0.367s] --   Found uuid, version 2.37.2
[0.391s] -- Looking for ignition-msgs5 -- found version 5.8.1
[0.391s] -- Searching for dependencies of ignition-msgs5
[0.404s] -- Looking for ignition-math6 -- found version 6.15.1
[0.408s] -- Checking for module 'tinyxml2'
[0.419s] --   Found tinyxml2, version 9.0.0
[0.453s] -- Looking for ignition-msgs5 -- found version 5.8.1
[0.453s] -- Looking for ignition-common3 -- found version 3.14.0
[0.454s] -- Searching for dependencies of ignition-common3
[0.454s] -- Looking for dlfcn.h - found
[0.454s] -- Looking for libdl - found
[0.464s] -- Searching for <ignition-common3> component [graphics]
[0.464s] -- Looking for ignition-common3-graphics -- found version 3.14.0
[0.465s] -- Searching for dependencies of ignition-common3-graphics
[0.465s] -- Looking for ignition-math6 -- found version 6.15.1
[0.466s] -- Looking for ignition-fuel_tools4 -- found version 4.4.0
[0.466s] -- Searching for dependencies of ignition-fuel_tools4
[0.500s] -- Checking for module 'jsoncpp'
[0.524s] --   Found jsoncpp, version 1.9.5
[0.626s] -- Checking for module 'libzip'
[0.656s] --   Found libzip, version 1.7.3
[0.780s] -- Looking for ignition-common3 -- found version 3.14.0
[0.781s] -- Looking for ignition-math6 -- found version 6.15.1
[0.782s] -- Looking for ignition-msgs5 -- found version 5.8.1
[0.785s] -- Found gazebo_ros_pkgs: 3.7.0 (/opt/ros/humble/share/gazebo_ros_pkgs/cmake)
[0.785s] -- Found geometry_msgs: 4.2.4 (/opt/ros/humble/share/geometry_msgs/cmake)
[0.803s] -- Found rosidl_generator_c: 3.1.5 (/opt/ros/humble/share/rosidl_generator_c/cmake)
[0.804s] -- Found rosidl_adapter: 3.1.5 (/opt/ros/humble/share/rosidl_adapter/cmake)
[0.808s] -- Found rosidl_generator_cpp: 3.1.5 (/opt/ros/humble/share/rosidl_generator_cpp/cmake)
[0.814s] -- Using all available rosidl_typesupport_c: rosidl_typesupport_fastrtps_c;rosidl_typesupport_introspection_c
[0.822s] -- Using all available rosidl_typesupport_cpp: rosidl_typesupport_fastrtps_cpp;rosidl_typesupport_introspection_cpp
[0.845s] -- Found nav_msgs: 4.2.4 (/opt/ros/humble/share/nav_msgs/cmake)
[0.856s] -- Found rclcpp: 16.0.10 (/opt/ros/humble/share/rclcpp/cmake)
[0.872s] -- Found rmw_implementation_cmake: 6.1.2 (/opt/ros/humble/share/rmw_implementation_cmake/cmake)
[0.873s] -- Found rmw_fastrtps_cpp: 6.2.7 (/opt/ros/humble/share/rmw_fastrtps_cpp/cmake)
[0.945s] -- Using RMW implementation 'rmw_fastrtps_cpp' as default
[0.969s] -- Found sensor_msgs: 4.2.4 (/opt/ros/humble/share/sensor_msgs/cmake)
[0.980s] -- Found tf2: 0.25.7 (/opt/ros/humble/share/tf2/cmake)
[0.982s] -- Found image_transport: 3.1.9 (/opt/ros/humble/share/image_transport/cmake)
[0.995s] -- Found cv_bridge: 3.2.1 (/opt/ros/humble/share/cv_bridge/cmake)
[1.047s] -- Configuring done
[1.065s] -- Generating done
[1.067s] -- Build files have been written to: /home/kivaan123/Turtlebot3-Wall-Follower/build/turtlebot3_gazebo
[1.087s] [35m[1mConsolidate compiler generated dependencies of target turtlebot3_drive[0m
[1.088s] [35m[1mConsolidate compiler generated dependencies of target obstacle2[0m
[1.088s] [35m[1mConsolidate compiler generated dependencies of target obstacles[0m
[1.088s] [35m[1mConsolidate compiler generated dependencies of target obstacle1[0m
[1.103s] [ 12%] [32mBuilding CXX object CMakeFiles/turtlebot3_drive.dir/src/turtlebot3_drive.cpp.o[0m
[1.109s] [01m[K/home/kivaan123/Turtlebot3-Wall-Follower/turtlebot3_gazebo/src/turtlebot3_drive.cpp:1:10:[m[K [01;31m[Kfatal error: [m[Kturtlebot3_gazebo/turtlebot3_drive.hpp: No such file or directory
[1.109s]     1 | #include [01;31m[K"turtlebot3_gazebo/turtlebot3_drive.hpp"[m[K
[1.109s]       |          [01;31m[K^~~~~~~~~~~~~~~~~~~~~~~~~~~~~~~~~~~~~~~~[m[K
[1.109s] compilation terminated.
[1.110s] gmake[2]: *** [CMakeFiles/turtlebot3_drive.dir/build.make:76: CMakeFiles/turtlebot3_drive.dir/src/turtlebot3_drive.cpp.o] Error 1
[1.110s] [ 37%] Built target obstacle1
[1.110s] gmake[1]: *** [CMakeFiles/Makefile2:143: CMakeFiles/turtlebot3_drive.dir/all] Error 2
[1.110s] gmake[1]: *** Waiting for unfinished jobs....
[1.110s] [ 62%] Built target obstacles
[1.111s] [ 87%] Built target obstacle2
[1.112s] gmake: *** [Makefile:146: all] Error 2
[1.114s] Invoked command in '/home/kivaan123/Turtlebot3-Wall-Follower/build/turtlebot3_gazebo' returned '2': CMAKE_PREFIX_PATH=${CMAKE_PREFIX_PATH}:/opt/ros/humble /usr/bin/cmake --build /home/kivaan123/Turtlebot3-Wall-Follower/build/turtlebot3_gazebo -- -j16 -l16
