[0.007s] Invoking command in '/home/kivaan123/Turtlebot3-Wall-Follower/build/turtlebot3_gazebo': CMAKE_PREFIX_PATH=${CMAKE_PREFIX_PATH}:/opt/ros/humble /usr/bin/cmake --build /home/kivaan123/Turtlebot3-Wall-Follower/build/turtlebot3_gazebo -- -j16 -l16
[0.064s] [35m[1mConsolidate compiler generated dependencies of target turtlebot3_drive[0m
[0.083s] [ 22%] Built target obstacle2
[0.084s] [ 44%] Built target obstacles
[0.085s] [ 66%] Built target obstacle1
[0.087s] [ 77%] [32mBuilding CXX object CMakeFiles/turtlebot3_drive.dir/src/LidarSensor.cpp.o[0m
[0.087s] [ 88%] [32mBuilding CXX object CMakeFiles/turtlebot3_drive.dir/src/turtlebot3_drive.cpp.o[0m
[1.472s] In file included from [01m[K/home/kivaan123/Turtlebot3-Wall-Follower/turtlebot3_gazebo/src/LidarSensor.cpp:1[m[K:
[1.472s] [01m[K/home/kivaan123/Turtlebot3-Wall-Follower/turtlebot3_gazebo/include/turtlebot3_gazebo/LidarSensor.hpp:18:1:[m[K [01;31m[Kerror: [m[Knew types may not be defined in a return type
[1.472s]    18 | [01;31m[Kclass[m[K LidarSensor
[1.472s]       | [01;31m[K^~~~~[m[K
[1.472s] [01m[K/home/kivaan123/Turtlebot3-Wall-Follower/turtlebot3_gazebo/include/turtlebot3_gazebo/LidarSensor.hpp:18:1:[m[K [01;36m[Knote: [m[K(perhaps a semicolon is missing after the definition of â€˜[01m[KLidarSensor[m[Kâ€™)
[1.472s] [01m[K/home/kivaan123/Turtlebot3-Wall-Follower/turtlebot3_gazebo/include/turtlebot3_gazebo/LidarSensor.hpp:18:1:[m[K [01;31m[Kerror: [m[Kreturn type specification for constructor invalid
[1.680s] In file included from [01m[K/home/kivaan123/Turtlebot3-Wall-Follower/turtlebot3_gazebo/include/turtlebot3_gazebo/turtlebot3_drive.hpp:17[m[K,
[1.680s]                  from [01m[K/home/kivaan123/Turtlebot3-Wall-Follower/turtlebot3_gazebo/src/turtlebot3_drive.cpp:1[m[K:
[1.680s] [01m[K/home/kivaan123/Turtlebot3-Wall-Follower/turtlebot3_gazebo/include/turtlebot3_gazebo/LidarSensor.hpp:32:2:[m[K [01;31m[Kerror: [m[Kexpected â€˜[01m[K;[m[Kâ€™ after class definition
[1.680s]    32 | }
[1.680s]       |  [01;31m[K^[m[K
[1.680s]       |  [32m[K;[m[K
[1.736s] [01m[K/home/kivaan123/Turtlebot3-Wall-Follower/turtlebot3_gazebo/src/turtlebot3_drive.cpp:[m[K In constructor â€˜[01m[KTurtlebot3Drive::Turtlebot3Drive()[m[Kâ€™:
[1.736s] [01m[K/home/kivaan123/Turtlebot3-Wall-Follower/turtlebot3_gazebo/src/turtlebot3_drive.cpp:46:92:[m[K [01;31m[Kerror: [m[Kexpected primary-expression before â€˜[01m[K/[m[Kâ€™ token
[1.736s]    46 |     "odom", qos, std::bind(&Turtlebot3Drive::odom_callback, this, std::placeholders::_1));*[01;31m[K/[m[K
[1.736s]       |                                                                                            [01;31m[K^[m[K
[1.747s] [01m[K/home/kivaan123/Turtlebot3-Wall-Follower/turtlebot3_gazebo/src/turtlebot3_drive.cpp:[m[K In member function â€˜[01m[Kvoid Turtlebot3Drive::update_callback()[m[Kâ€™:
[1.747s] [01m[K/home/kivaan123/Turtlebot3-Wall-Follower/turtlebot3_gazebo/src/turtlebot3_drive.cpp:148:10:[m[K [01;35m[Kwarning: [m[Kunused variable â€˜[01m[Kmin_turn_distance[m[Kâ€™ [[01;35m[K]8;;https://gcc.gnu.org/onlinedocs/gcc/Warning-Options.html#index-Wunused-variable-Wunused-variable]8;;[m[K]
[1.747s]   148 |   double [01;35m[Kmin_turn_distance[m[K = 0.1;         // Minimum distance before making a turn
[1.747s]       |          [01;35m[K^~~~~~~~~~~~~~~~~[m[K
[2.896s] gmake[2]: *** [CMakeFiles/turtlebot3_drive.dir/build.make:90: CMakeFiles/turtlebot3_drive.dir/src/LidarSensor.cpp.o] Error 1
[2.896s] gmake[2]: *** Waiting for unfinished jobs....
[3.810s] gmake[2]: *** [CMakeFiles/turtlebot3_drive.dir/build.make:76: CMakeFiles/turtlebot3_drive.dir/src/turtlebot3_drive.cpp.o] Error 1
[3.810s] gmake[1]: *** [CMakeFiles/Makefile2:143: CMakeFiles/turtlebot3_drive.dir/all] Error 2
[3.811s] gmake: *** [Makefile:146: all] Error 2
[3.812s] Invoked command in '/home/kivaan123/Turtlebot3-Wall-Follower/build/turtlebot3_gazebo' returned '2': CMAKE_PREFIX_PATH=${CMAKE_PREFIX_PATH}:/opt/ros/humble /usr/bin/cmake --build /home/kivaan123/Turtlebot3-Wall-Follower/build/turtlebot3_gazebo -- -j16 -l16
