[0.008s] Invoking command in '/home/kivaan123/Turtlebot3-Wall-Follower/build/turtlebot3_gazebo': CMAKE_PREFIX_PATH=${CMAKE_PREFIX_PATH}:/opt/ros/humble /usr/bin/cmake --build /home/kivaan123/Turtlebot3-Wall-Follower/build/turtlebot3_gazebo -- -j16 -l16
[0.050s] [35m[1mConsolidate compiler generated dependencies of target turtlebot3_drive[0m
[0.077s] [ 16%] Built target obstacle2
[0.077s] [ 33%] Built target obstacle1
[0.079s] [ 41%] [32mBuilding CXX object CMakeFiles/turtlebot3_drive.dir/src/turtlebot3_drive.cpp.o[0m
[0.080s] [ 58%] Built target obstacles
[1.554s] [01m[K/home/kivaan123/Turtlebot3-Wall-Follower/turtlebot3_gazebo/src/turtlebot3_drive.cpp:[m[K In member function â€˜[01m[Kvoid Turtlebot3Drive::initialize()[m[Kâ€™:
[1.554s] [01m[K/home/kivaan123/Turtlebot3-Wall-Follower/turtlebot3_gazebo/src/turtlebot3_drive.cpp:60:50:[m[K [01;31m[Kerror: [m[Kexpected primary-expression before â€˜[01m[K([m[Kâ€™ token
[1.554s]    60 |         movement_controller_ = MovementController[01;31m[K([m[Kshared_from_this());
[1.554s]       |                                                  [01;31m[K^[m[K
[1.554s] [01m[K/home/kivaan123/Turtlebot3-Wall-Follower/turtlebot3_gazebo/src/turtlebot3_drive.cpp:60:51:[m[K [01;31m[Kerror: [m[Kreference to â€˜[01m[Kshared_from_this[m[Kâ€™ is ambiguous
[1.554s]    60 |         movement_controller_ = MovementController([01;31m[Kshared_from_this[m[K());
[1.554s]       |                                                   [01;31m[K^~~~~~~~~~~~~~~~[m[K
[1.554s] In file included from [01m[K/usr/include/c++/11/memory:77[m[K,
[1.554s]                  from [01m[K/opt/ros/humble/include/geometry_msgs/geometry_msgs/msg/detail/twist__struct.hpp:10[m[K,
[1.554s]                  from [01m[K/opt/ros/humble/include/geometry_msgs/geometry_msgs/msg/twist.hpp:7[m[K,
[1.554s]                  from [01m[K/home/kivaan123/Turtlebot3-Wall-Follower/turtlebot3_gazebo/src/turtlebot3_drive.cpp:2[m[K:
[1.554s] [01m[K/usr/include/c++/11/bits/shared_ptr.h:811:7:[m[K [01;36m[Knote: [m[Kcandidates are: â€˜[01m[Kstd::shared_ptr<const _Tp> std::enable_shared_from_this<_Tp>::shared_from_this() const [with _Tp = Turtlebot3Drive][m[Kâ€™
[1.554s]   811 |       [01;36m[Kshared_from_this[m[K() const
[1.554s]       |       [01;36m[K^~~~~~~~~~~~~~~~[m[K
[1.554s] [01m[K/usr/include/c++/11/bits/shared_ptr.h:807:7:[m[K [01;36m[Knote: [m[K                â€˜[01m[Kstd::shared_ptr<_Tp> std::enable_shared_from_this<_Tp>::shared_from_this() [with _Tp = Turtlebot3Drive][m[Kâ€™
[1.554s]   807 |       [01;36m[Kshared_from_this[m[K()
[1.554s]       |       [01;36m[K^~~~~~~~~~~~~~~~[m[K
[1.554s] [01m[K/usr/include/c++/11/bits/shared_ptr.h:811:7:[m[K [01;36m[Knote: [m[K                â€˜[01m[Kstd::shared_ptr<const _Tp> std::enable_shared_from_this<_Tp>::shared_from_this() const [with _Tp = rclcpp::Node][m[Kâ€™
[1.554s]   811 |       [01;36m[Kshared_from_this[m[K() const
[1.555s]       |       [01;36m[K^~~~~~~~~~~~~~~~[m[K
[1.555s] [01m[K/usr/include/c++/11/bits/shared_ptr.h:807:7:[m[K [01;36m[Knote: [m[K                â€˜[01m[Kstd::shared_ptr<_Tp> std::enable_shared_from_this<_Tp>::shared_from_this() [with _Tp = rclcpp::Node][m[Kâ€™
[1.555s]   807 |       [01;36m[Kshared_from_this[m[K()
[1.555s]       |       [01;36m[K^~~~~~~~~~~~~~~~[m[K
[1.555s] [01m[K/home/kivaan123/Turtlebot3-Wall-Follower/turtlebot3_gazebo/src/turtlebot3_drive.cpp:61:28:[m[K [01;31m[Kerror: [m[Kexpected primary-expression before â€˜[01m[K([m[Kâ€™ token
[1.555s]    61 |         path_viz_ = PathViz[01;31m[K([m[Kshared_from_this());
[1.555s]       |                            [01;31m[K^[m[K
[1.555s] [01m[K/home/kivaan123/Turtlebot3-Wall-Follower/turtlebot3_gazebo/src/turtlebot3_drive.cpp:61:29:[m[K [01;31m[Kerror: [m[Kreference to â€˜[01m[Kshared_from_this[m[Kâ€™ is ambiguous
[1.555s]    61 |         path_viz_ = PathViz([01;31m[Kshared_from_this[m[K());
[1.555s]       |                             [01;31m[K^~~~~~~~~~~~~~~~[m[K
[1.555s] In file included from [01m[K/usr/include/c++/11/memory:77[m[K,
[1.555s]                  from [01m[K/opt/ros/humble/include/geometry_msgs/geometry_msgs/msg/detail/twist__struct.hpp:10[m[K,
[1.555s]                  from [01m[K/opt/ros/humble/include/geometry_msgs/geometry_msgs/msg/twist.hpp:7[m[K,
[1.555s]                  from [01m[K/home/kivaan123/Turtlebot3-Wall-Follower/turtlebot3_gazebo/src/turtlebot3_drive.cpp:2[m[K:
[1.555s] [01m[K/usr/include/c++/11/bits/shared_ptr.h:811:7:[m[K [01;36m[Knote: [m[Kcandidates are: â€˜[01m[Kstd::shared_ptr<const _Tp> std::enable_shared_from_this<_Tp>::shared_from_this() const [with _Tp = Turtlebot3Drive][m[Kâ€™
[1.555s]   811 |       [01;36m[Kshared_from_this[m[K() const
[1.555s]       |       [01;36m[K^~~~~~~~~~~~~~~~[m[K
[1.555s] [01m[K/usr/include/c++/11/bits/shared_ptr.h:807:7:[m[K [01;36m[Knote: [m[K                â€˜[01m[Kstd::shared_ptr<_Tp> std::enable_shared_from_this<_Tp>::shared_from_this() [with _Tp = Turtlebot3Drive][m[Kâ€™
[1.555s]   807 |       [01;36m[Kshared_from_this[m[K()
[1.555s]       |       [01;36m[K^~~~~~~~~~~~~~~~[m[K
[1.555s] [01m[K/usr/include/c++/11/bits/shared_ptr.h:811:7:[m[K [01;36m[Knote: [m[K                â€˜[01m[Kstd::shared_ptr<const _Tp> std::enable_shared_from_this<_Tp>::shared_from_this() const [with _Tp = rclcpp::Node][m[Kâ€™
[1.555s]   811 |       [01;36m[Kshared_from_this[m[K() const
[1.555s]       |       [01;36m[K^~~~~~~~~~~~~~~~[m[K
[1.555s] [01m[K/usr/include/c++/11/bits/shared_ptr.h:807:7:[m[K [01;36m[Knote: [m[K                â€˜[01m[Kstd::shared_ptr<_Tp> std::enable_shared_from_this<_Tp>::shared_from_this() [with _Tp = rclcpp::Node][m[Kâ€™
[1.555s]   807 |       [01;36m[Kshared_from_this[m[K()
[1.555s]       |       [01;36m[K^~~~~~~~~~~~~~~~[m[K
[3.499s] gmake[2]: *** [CMakeFiles/turtlebot3_drive.dir/build.make:76: CMakeFiles/turtlebot3_drive.dir/src/turtlebot3_drive.cpp.o] Error 1
[3.499s] gmake[1]: *** [CMakeFiles/Makefile2:143: CMakeFiles/turtlebot3_drive.dir/all] Error 2
[3.499s] gmake: *** [Makefile:146: all] Error 2
[3.501s] Invoked command in '/home/kivaan123/Turtlebot3-Wall-Follower/build/turtlebot3_gazebo' returned '2': CMAKE_PREFIX_PATH=${CMAKE_PREFIX_PATH}:/opt/ros/humble /usr/bin/cmake --build /home/kivaan123/Turtlebot3-Wall-Follower/build/turtlebot3_gazebo -- -j16 -l16
