[0.008s] Invoking command in '/home/kivaan123/Turtlebot3-Wall-Follower/build/turtlebot3_gazebo': CMAKE_PREFIX_PATH=${CMAKE_PREFIX_PATH}:/opt/ros/humble /usr/bin/cmake --build /home/kivaan123/Turtlebot3-Wall-Follower/build/turtlebot3_gazebo -- -j16 -l16
[0.044s] [35m[1mConsolidate compiler generated dependencies of target turtlebot3_drive[0m
[0.065s] [ 25%] Built target obstacle1
[0.065s] [ 33%] Built target obstacles
[0.065s] [ 41%] [32mBuilding CXX object CMakeFiles/turtlebot3_drive.dir/src/turtlebot3_drive.cpp.o[0m
[0.067s] [ 58%] Built target obstacle2
[1.495s] [01m[K/home/kivaan123/Turtlebot3-Wall-Follower/turtlebot3_gazebo/src/turtlebot3_drive.cpp:[m[K In constructor â€˜[01m[KTurtlebot3Drive::Turtlebot3Drive()[m[Kâ€™:
[1.496s] [01m[K/home/kivaan123/Turtlebot3-Wall-Follower/turtlebot3_gazebo/src/turtlebot3_drive.cpp:28:43:[m[K [01;31m[Kerror: [m[Kno matching function for call to â€˜[01m[KWallFollower::WallFollower()[m[Kâ€™
[1.496s]    28 |         path_viz_(this->shared_from_this()[01;31m[K)[m[K/*,
[1.496s]       |                                           [01;31m[K^[m[K
[1.496s] In file included from [01m[K/home/kivaan123/Turtlebot3-Wall-Follower/turtlebot3_gazebo/src/turtlebot3_drive.cpp:15[m[K:
[1.496s] [01m[K/home/kivaan123/Turtlebot3-Wall-Follower/turtlebot3_gazebo/include/turtlebot3_gazebo/WallFollower.hpp:30:5:[m[K [01;36m[Knote: [m[Kcandidate: â€˜[01m[KWallFollower::WallFollower(LidarSensor&, MovementController&)[m[Kâ€™
[1.496s]    30 |     [01;36m[KWallFollower[m[K(LidarSensor& lidar, MovementController& mover);
[1.496s]       |     [01;36m[K^~~~~~~~~~~~[m[K
[1.496s] [01m[K/home/kivaan123/Turtlebot3-Wall-Follower/turtlebot3_gazebo/include/turtlebot3_gazebo/WallFollower.hpp:30:5:[m[K [01;36m[Knote: [m[K  candidate expects 2 arguments, 0 provided
[1.496s] [01m[K/home/kivaan123/Turtlebot3-Wall-Follower/turtlebot3_gazebo/include/turtlebot3_gazebo/WallFollower.hpp:27:7:[m[K [01;36m[Knote: [m[Kcandidate: â€˜[01m[Kconstexpr WallFollower::WallFollower(const WallFollower&)[m[Kâ€™
[1.496s]    27 | class [01;36m[KWallFollower[m[K
[1.496s]       |       [01;36m[K^~~~~~~~~~~~[m[K
[1.496s] [01m[K/home/kivaan123/Turtlebot3-Wall-Follower/turtlebot3_gazebo/include/turtlebot3_gazebo/WallFollower.hpp:27:7:[m[K [01;36m[Knote: [m[K  candidate expects 1 argument, 0 provided
[1.496s] [01m[K/home/kivaan123/Turtlebot3-Wall-Follower/turtlebot3_gazebo/src/turtlebot3_drive.cpp:32:76:[m[K [01;31m[Kerror: [m[Kuse of deleted function â€˜[01m[KWallFollower& WallFollower::operator=(const WallFollower&)[m[Kâ€™
[1.496s]    32 |           wall_follower_ = WallFollower(lidar_sensor_, movement_controller_[01;31m[K)[m[K;
[1.496s]       |                                                                            [01;31m[K^[m[K
[1.496s] In file included from [01m[K/home/kivaan123/Turtlebot3-Wall-Follower/turtlebot3_gazebo/src/turtlebot3_drive.cpp:15[m[K:
[1.496s] [01m[K/home/kivaan123/Turtlebot3-Wall-Follower/turtlebot3_gazebo/include/turtlebot3_gazebo/WallFollower.hpp:27:7:[m[K [01;36m[Knote: [m[Kâ€˜[01m[KWallFollower& WallFollower::operator=(const WallFollower&)[m[Kâ€™ is implicitly deleted because the default definition would be ill-formed:
[1.496s]    27 | class [01;36m[KWallFollower[m[K
[1.496s]       |       [01;36m[K^~~~~~~~~~~~[m[K
[1.496s] [01m[K/home/kivaan123/Turtlebot3-Wall-Follower/turtlebot3_gazebo/include/turtlebot3_gazebo/WallFollower.hpp:27:7:[m[K [01;31m[Kerror: [m[Knon-static reference member â€˜[01m[KLidarSensor& WallFollower::lidar_sensor_[m[Kâ€™, cannot use default assignment operator
[1.496s] [01m[K/home/kivaan123/Turtlebot3-Wall-Follower/turtlebot3_gazebo/include/turtlebot3_gazebo/WallFollower.hpp:27:7:[m[K [01;31m[Kerror: [m[Knon-static reference member â€˜[01m[KMovementController& WallFollower::movement_controller_[m[Kâ€™, cannot use default assignment operator
[3.410s] gmake[2]: *** [CMakeFiles/turtlebot3_drive.dir/build.make:76: CMakeFiles/turtlebot3_drive.dir/src/turtlebot3_drive.cpp.o] Error 1
[3.410s] gmake[1]: *** [CMakeFiles/Makefile2:143: CMakeFiles/turtlebot3_drive.dir/all] Error 2
[3.410s] gmake: *** [Makefile:146: all] Error 2
[3.412s] Invoked command in '/home/kivaan123/Turtlebot3-Wall-Follower/build/turtlebot3_gazebo' returned '2': CMAKE_PREFIX_PATH=${CMAKE_PREFIX_PATH}:/opt/ros/humble /usr/bin/cmake --build /home/kivaan123/Turtlebot3-Wall-Follower/build/turtlebot3_gazebo -- -j16 -l16
